Copyright 1986-2018 Xilinx, Inc. All Rights Reserved.
------------------------------------------------------------------------------------
| Tool Version : Vivado v.2018.2 (win64) Build 2258646 Thu Jun 14 20:03:12 MDT 2018
| Date         : Fri Aug 24 11:40:43 2018
| Host         : LAPTOP-H0UJ14FD running 64-bit major release  (build 9200)
| Command      : upgrade_ip
| Device       : xc7z020clg484-1
------------------------------------------------------------------------------------

Upgrade Log for IP 'Dual_Port_BRAM_1'

1. Summary
----------

SUCCESS in the upgrade of Dual_Port_BRAM_1 from xilinx.com:ip:blk_mem_gen:8.2 (Rev. 1) to xilinx.com:ip:blk_mem_gen:8.4 (Rev. 1)






Copyright 1986-2018 Xilinx, Inc. All Rights Reserved.
------------------------------------------------------------------------------------
| Tool Version : Vivado v.2018.2 (win64) Build 2258646 Thu Jun 14 20:03:12 MDT 2018
| Date         : Fri Aug 24 11:40:40 2018
| Host         : LAPTOP-H0UJ14FD running 64-bit major release  (build 9200)
| Command      : upgrade_ip
| Device       : xc7z020clg484-1
------------------------------------------------------------------------------------

Upgrade Log for IP 'Dual_Port_BRAM'

1. Summary
----------

SUCCESS in the upgrade of Dual_Port_BRAM from xilinx.com:ip:blk_mem_gen:8.2 (Rev. 1) to xilinx.com:ip:blk_mem_gen:8.4 (Rev. 1)

