#-----------------------------------------------------------
# Vivado v2020.2 (64-bit)
# SW Build 3064766 on Wed Nov 18 09:12:45 MST 2020
# IP Build 3064653 on Wed Nov 18 14:17:31 MST 2020
# Start of session at: Tue May  7 01:35:26 2024
# Process ID: 3964
# Current directory: E:/HDA_Lectures/001_Repository/011_DSD/011_DSD_LabCodes/003_Lab1/WP/Camera_Emulation_Project_v2_lab1/Camera_Emulation_Project_v2_lab3
# Command line: vivado.exe -gui_launcher_event rodinguilauncherevent27488 E:\HDA_Lectures\001_Repository\011_DSD\011_DSD_LabCodes\003_Lab1\WP\Camera_Emulation_Project_v2_lab1\Camera_Emulation_Project_v2_lab3\Camera_Emulation_Project_v2_lab3.xpr
# Log file: E:/HDA_Lectures/001_Repository/011_DSD/011_DSD_LabCodes/003_Lab1/WP/Camera_Emulation_Project_v2_lab1/Camera_Emulation_Project_v2_lab3/vivado.log
# Journal file: E:/HDA_Lectures/001_Repository/011_DSD/011_DSD_LabCodes/003_Lab1/WP/Camera_Emulation_Project_v2_lab1/Camera_Emulation_Project_v2_lab3\vivado.jou
#-----------------------------------------------------------
start_gui
open_project E:/HDA_Lectures/001_Repository/011_DSD/011_DSD_LabCodes/003_Lab1/WP/Camera_Emulation_Project_v2_lab1/Camera_Emulation_Project_v2_lab3/Camera_Emulation_Project_v2_lab3.xpr
INFO: [ProjectBase 1-489] The host OS only allows 260 characters in a normal path. The project is stored in a path with more than 80 characters. If you experience issues with IP, Block Designs, or files not being found, please consider moving the project to a location with a shorter path. Alternately consider using the OS subst command to map part of the path to a drive letter.
Current project path is 'E:/HDA_Lectures/001_Repository/011_DSD/011_DSD_LabCodes/003_Lab1/WP/Camera_Emulation_Project_v2_lab1/Camera_Emulation_Project_v2_lab3'
INFO: [Project 1-313] Project file moved from 'H:/student job/Lab work/lab3/Camera_Emulation_Project_v2_lab3' since last save.
Scanning sources...
Finished scanning sources
INFO: [IP_Flow 19-234] Refreshing IP repositories
INFO: [IP_Flow 19-1704] No user IP repositories specified
INFO: [IP_Flow 19-2313] Loaded Vivado IP repository 'D:/Softwares/Xilinx/Vivado/2020.2/data/ip'.
WARNING: [IP_Flow 19-2162] IP 'Dual_Port_BRAM_1' is locked:
* IP definition 'Block Memory Generator (8.4)' for IP 'Dual_Port_BRAM_1' (customized with software release 2018.2) has a different revision in the IP Catalog.
WARNING: [IP_Flow 19-2162] IP 'Dual_Port_BRAM' is locked:
* IP definition 'Block Memory Generator (8.4)' for IP 'Dual_Port_BRAM' (customized with software release 2018.2) has a different revision in the IP Catalog.
INFO: [Project 1-230] Project 'Camera_Emulation_Project_v2_lab3.xpr' upgraded for this version of Vivado.
open_project: Time (s): cpu = 00:00:04 ; elapsed = 00:00:07 . Memory (MB): peak = 1006.512 ; gain = 0.000
report_ip_status -name ip_status 
update_compile_order -fileset sources_1
exit
INFO: [Common 17-206] Exiting Vivado at Tue May  7 01:48:34 2024...
